[08:59:48] [main/INFO]: Loading for game Minecraft 1.17.1
[08:59:48] [main/INFO]: [FabricLoader] Loading 3 mods:
	- fabricloader@0.11.6
	- java@16
	- minecraft@1.17.1
[08:59:48] [main/INFO]: SpongePowered MIXIN Subsystem Version=0.8.2 Source=file:/C:/Users/ivon8/.gradle/caches/modules-2/files-2.1/net.fabricmc/sponge-mixin/0.9.4+mixin.0.8.2/ef410951e94c7f4939cc74c86f8df371827818a4/sponge-mixin-0.9.4+mixin.0.8.2.jar Service=Knot/Fabric Env=CLIENT
[08:59:48] [main/WARN]: Configuration conflict: there is more than one oshi.properties file on the classpath
[08:59:49] [main/WARN]: Configuration conflict: there is more than one oshi.architecture.properties file on the classpath
[08:59:49] [main/WARN]: Failed to add PDH Counter: \Paging File(_Total)\% Usage, Error code: 0xC0000BB8
[08:59:49] [main/WARN]: Failed to add counter for PDH counter: \Paging File(_Total)\% Usage
[08:59:49] [main/WARN]: Disabling further attempts to query Paging File.
[08:59:50] [main/WARN]: COM exception: Invalid Query: SELECT PERCENTUSAGE FROM Win32_PerfRawData_PerfOS_PagingFile
[08:59:55] [Render thread/INFO]: [STDERR]: [LWJGL] Failed to load a library. Possible solutions:
	a) Add the directory that contains the shared library to -Djava.library.path or -Dorg.lwjgl.librarypath.
	b) Add the JAR that contains the shared library to the classpath.
[08:59:55] [Render thread/INFO]: [STDERR]: [LWJGL] Enable debug mode with -Dorg.lwjgl.util.Debug=true for better diagnostics.
[08:59:55] [Render thread/INFO]: [STDERR]: [LWJGL] Enable the SharedLibraryLoader debug mode with -Dorg.lwjgl.util.DebugLoader=true for better diagnostics.
[08:59:56] [Render thread/WARN]: Configuration conflict: there is more than one oshi.architecture.properties file on the classpath
[08:59:57] [Render thread/WARN]: COM exception: Invalid Query: SELECT PERCENTUSAGE FROM Win32_PerfRawData_PerfOS_PagingFile
[08:59:57] [Render thread/INFO]: [STDERR]: java.lang.RuntimeException: java.lang.reflect.InvocationTargetException
[08:59:57] [Render thread/INFO]: [STDERR]: 	at net.fabricmc.loader.game.MinecraftGameProvider.launch(MinecraftGameProvider.java:236)
[08:59:57] [Render thread/INFO]: [STDERR]: 	at net.fabricmc.loader.launch.knot.Knot.launch(Knot.java:153)
[08:59:57] [Render thread/INFO]: [STDERR]: 	at net.fabricmc.loader.launch.knot.KnotClient.main(KnotClient.java:28)
[08:59:57] [Render thread/INFO]: [STDERR]: 	at net.fabricmc.devlaunchinjector.Main.main(Main.java:86)
[08:59:57] [Render thread/INFO]: [STDERR]: Caused by: java.lang.reflect.InvocationTargetException
[08:59:57] [Render thread/INFO]: [STDERR]: 	at java.base/jdk.internal.reflect.NativeMethodAccessorImpl.invoke0(Native Method)
[08:59:57] [Render thread/INFO]: [STDERR]: 	at java.base/jdk.internal.reflect.NativeMethodAccessorImpl.invoke(NativeMethodAccessorImpl.java:78)
[08:59:57] [Render thread/INFO]: [STDERR]: 	at java.base/jdk.internal.reflect.DelegatingMethodAccessorImpl.invoke(DelegatingMethodAccessorImpl.java:43)
[08:59:57] [Render thread/INFO]: [STDERR]: 	at java.base/java.lang.reflect.Method.invoke(Method.java:567)
[08:59:57] [Render thread/INFO]: [STDERR]: 	at net.fabricmc.loader.game.MinecraftGameProvider.launch(MinecraftGameProvider.java:234)
[08:59:57] [Render thread/INFO]: [STDERR]: 	... 3 more
[08:59:57] [Render thread/INFO]: [STDERR]: Caused by: java.lang.NoClassDefFoundError: Could not initialize class com.mojang.blaze3d.systems.RenderSystem
[08:59:57] [Render thread/INFO]: [STDERR]: 	at net.minecraft.util.SystemDetails.addSection(SystemDetails.java:65)
[08:59:57] [Render thread/INFO]: [STDERR]: 	at net.minecraft.client.MinecraftClient.addSystemDetailsToCrashReport(MinecraftClient.java:2452)
[08:59:57] [Render thread/INFO]: [STDERR]: 	at net.minecraft.client.MinecraftClient.addSystemDetailsToCrashReport(MinecraftClient.java:2445)
[08:59:57] [Render thread/INFO]: [STDERR]: 	at net.minecraft.client.main.Main.main(Main.java:161)
[08:59:57] [Render thread/INFO]: [STDERR]: 	... 8 more
